<?xml version="1.0" encoding="UTF-8"?>
<!-- Generated by org.testng.reporters.JUnitReportReporter -->
<testsuite hostname="DESKTOP-RL2OCF9" name="hello.Baiduhello" tests="1" failures="0" timestamp="14 Mar 2019 00:52:34 GMT" time="9.137" errors="0">
  <testcase name="OpenFireFox" time="9.137" classname="hello.Baiduhello"/>
</testsuite> <!-- hello.Baiduhello -->
